[INFO  - 2020-06-27T13:17:09.581Z] GhostDriver - Main - running on port 8221
[INFO  - 2020-06-27T13:17:13.226Z] Session [83a079e0-b878-11ea-b6a2-5d440548a790] - page.settings - {"XSSAuditingEnabled":false,"javascriptCanCloseWindows":true,"javascriptCanOpenWindows":true,"javascriptEnabled":true,"loadImages":true,"localToRemoteUrlAccessEnabled":false,"userAgent":"Mozilla/5.0 (Windows NT 6.2; WOW64) AppleWebKit/538.1 (KHTML, like Gecko) PhantomJS/2.1.1 Safari/538.1","webSecurityEnabled":true}
[INFO  - 2020-06-27T13:17:13.227Z] Session [83a079e0-b878-11ea-b6a2-5d440548a790] - page.customHeaders:  - {}
[INFO  - 2020-06-27T13:17:13.227Z] Session [83a079e0-b878-11ea-b6a2-5d440548a790] - Session.negotiatedCapabilities - {"browserName":"phantomjs","version":"2.1.1","driverName":"ghostdriver","driverVersion":"1.2.0","platform":"windows-10-32bit","javascriptEnabled":true,"takesScreenshot":true,"handlesAlerts":false,"databaseEnabled":false,"locationContextEnabled":false,"applicationCacheEnabled":false,"browserConnectionEnabled":false,"cssSelectorsEnabled":true,"webStorageEnabled":false,"rotatable":false,"acceptSslCerts":false,"nativeEvents":true,"proxy":{"proxyType":"direct"}}
[INFO  - 2020-06-27T13:17:13.227Z] SessionManagerReqHand - _postNewSessionCommand - New Session Created: 83a079e0-b878-11ea-b6a2-5d440548a790
[ERROR - 2020-06-27T13:17:20.759Z] Session [83a079e0-b878-11ea-b6a2-5d440548a790] - page.onError - msg: ReferenceError: Can't find variable: test

  phantomjs://platform/console++.js:263 in error
[ERROR - 2020-06-27T13:17:20.759Z] Session [83a079e0-b878-11ea-b6a2-5d440548a790] - page.onError - stack:
  global code (https://www.wanplus.com/ajax/matchdetail/66914?_gtk=1210991487:301)

  phantomjs://platform/console++.js:263 in error
[INFO  - 2020-06-27T13:22:09.573Z] SessionManagerReqHand - _cleanupWindowlessSessions - Asynchronous Sessions clean-up phase starting NOW
[INFO  - 2020-06-27T13:27:09.573Z] SessionManagerReqHand - _cleanupWindowlessSessions - Asynchronous Sessions clean-up phase starting NOW
[INFO  - 2020-06-27T13:32:09.573Z] SessionManagerReqHand - _cleanupWindowlessSessions - Asynchronous Sessions clean-up phase starting NOW
[INFO  - 2020-06-27T13:37:09.575Z] SessionManagerReqHand - _cleanupWindowlessSessions - Asynchronous Sessions clean-up phase starting NOW
[INFO  - 2020-06-27T13:42:09.576Z] SessionManagerReqHand - _cleanupWindowlessSessions - Asynchronous Sessions clean-up phase starting NOW
[INFO  - 2020-06-27T13:47:09.576Z] SessionManagerReqHand - _cleanupWindowlessSessions - Asynchronous Sessions clean-up phase starting NOW
[INFO  - 2020-06-27T13:52:09.583Z] SessionManagerReqHand - _cleanupWindowlessSessions - Asynchronous Sessions clean-up phase starting NOW
[INFO  - 2020-06-27T13:42:00.415Z] SessionManagerReqHand - _cleanupWindowlessSessions - Asynchronous Sessions clean-up phase starting NOW
[INFO  - 2020-06-27T13:47:00.415Z] SessionManagerReqHand - _cleanupWindowlessSessions - Asynchronous Sessions clean-up phase starting NOW
[INFO  - 2020-06-27T13:52:00.416Z] SessionManagerReqHand - _cleanupWindowlessSessions - Asynchronous Sessions clean-up phase starting NOW
[INFO  - 2020-06-27T13:57:00.417Z] SessionManagerReqHand - _cleanupWindowlessSessions - Asynchronous Sessions clean-up phase starting NOW
[INFO  - 2020-06-27T13:56:04.452Z] SessionManagerReqHand - _cleanupWindowlessSessions - Asynchronous Sessions clean-up phase starting NOW
